<?xml version="1.0" encoding="UTF-8"?>
<testng-results ignored="0" total="7" passed="7" failed="0" skipped="0">
  <reporter-output>
  </reporter-output>
  <suite started-at="2022-10-13T22:54:33 IST" name="Default suite" finished-at="2022-10-13T22:58:26 IST" duration-ms="233719">
    <groups>
    </groups>
    <test started-at="2022-10-13T22:54:33 IST" name="Default test" finished-at="2022-10-13T22:58:26 IST" duration-ms="233719">
      <class name="com.aadhar.MAadharAppApplicationTestsCode">
        <test-method is-config="true" signature="beforeMethod()[pri:0, instance:com.aadhar.MAadharAppApplicationTestsCode@1fb700ee]" started-at="2022-10-13T22:54:33 IST" name="beforeMethod" finished-at="2022-10-13T22:55:23 IST" duration-ms="50438" status="PASS">
          <reporter-output>
          </reporter-output>
        </test-method> <!-- beforeMethod -->
        <test-method signature="testing()[pri:0, instance:com.aadhar.MAadharAppApplicationTestsCode@1fb700ee]" started-at="2022-10-13T22:55:23 IST" name="testing" finished-at="2022-10-13T22:55:32 IST" duration-ms="8502" status="PASS">
          <reporter-output>
          </reporter-output>
        </test-method> <!-- testing -->
        <test-method is-config="true" signature="afterMethod()[pri:0, instance:com.aadhar.MAadharAppApplicationTestsCode@1fb700ee]" started-at="2022-10-13T22:55:32 IST" name="afterMethod" finished-at="2022-10-13T22:55:32 IST" duration-ms="1" status="PASS">
          <reporter-output>
          </reporter-output>
        </test-method> <!-- afterMethod -->
        <test-method is-config="true" signature="beforeMethod()[pri:0, instance:com.aadhar.MAadharAppApplicationTestsCode@1fb700ee]" started-at="2022-10-13T22:55:32 IST" name="beforeMethod" finished-at="2022-10-13T22:55:53 IST" duration-ms="21287" status="PASS">
          <reporter-output>
          </reporter-output>
        </test-method> <!-- beforeMethod -->
        <test-method signature="signup()[pri:1, instance:com.aadhar.MAadharAppApplicationTestsCode@1fb700ee]" started-at="2022-10-13T22:55:53 IST" name="signup" finished-at="2022-10-13T22:56:20 IST" duration-ms="27014" status="PASS">
          <reporter-output>
          </reporter-output>
        </test-method> <!-- signup -->
        <test-method is-config="true" signature="afterMethod()[pri:0, instance:com.aadhar.MAadharAppApplicationTestsCode@1fb700ee]" started-at="2022-10-13T22:56:20 IST" name="afterMethod" finished-at="2022-10-13T22:56:20 IST" duration-ms="0" status="PASS">
          <reporter-output>
          </reporter-output>
        </test-method> <!-- afterMethod -->
        <test-method is-config="true" signature="beforeMethod()[pri:0, instance:com.aadhar.MAadharAppApplicationTestsCode@1fb700ee]" started-at="2022-10-13T22:56:20 IST" name="beforeMethod" finished-at="2022-10-13T22:56:38 IST" duration-ms="17771" status="PASS">
          <reporter-output>
          </reporter-output>
        </test-method> <!-- beforeMethod -->
        <test-method signature="signin()[pri:2, instance:com.aadhar.MAadharAppApplicationTestsCode@1fb700ee]" started-at="2022-10-13T22:56:38 IST" name="signin" finished-at="2022-10-13T22:56:50 IST" duration-ms="12404" status="PASS">
          <reporter-output>
          </reporter-output>
        </test-method> <!-- signin -->
        <test-method is-config="true" signature="afterMethod()[pri:0, instance:com.aadhar.MAadharAppApplicationTestsCode@1fb700ee]" started-at="2022-10-13T22:56:50 IST" name="afterMethod" finished-at="2022-10-13T22:56:50 IST" duration-ms="1" status="PASS">
          <reporter-output>
          </reporter-output>
        </test-method> <!-- afterMethod -->
        <test-method is-config="true" signature="beforeMethod()[pri:0, instance:com.aadhar.MAadharAppApplicationTestsCode@1fb700ee]" started-at="2022-10-13T22:56:50 IST" name="beforeMethod" finished-at="2022-10-13T22:57:19 IST" duration-ms="29177" status="PASS">
          <reporter-output>
          </reporter-output>
        </test-method> <!-- beforeMethod -->
        <test-method signature="adminhome()[pri:4, instance:com.aadhar.MAadharAppApplicationTestsCode@1fb700ee]" started-at="2022-10-13T22:57:19 IST" name="adminhome" finished-at="2022-10-13T22:57:28 IST" duration-ms="8231" status="PASS">
          <reporter-output>
          </reporter-output>
        </test-method> <!-- adminhome -->
        <test-method is-config="true" signature="afterMethod()[pri:0, instance:com.aadhar.MAadharAppApplicationTestsCode@1fb700ee]" started-at="2022-10-13T22:57:28 IST" name="afterMethod" finished-at="2022-10-13T22:57:28 IST" duration-ms="1" status="PASS">
          <reporter-output>
          </reporter-output>
        </test-method> <!-- afterMethod -->
        <test-method is-config="true" signature="beforeMethod()[pri:0, instance:com.aadhar.MAadharAppApplicationTestsCode@1fb700ee]" started-at="2022-10-13T22:57:28 IST" name="beforeMethod" finished-at="2022-10-13T22:57:44 IST" duration-ms="16022" status="PASS">
          <reporter-output>
          </reporter-output>
        </test-method> <!-- beforeMethod -->
        <test-method signature="userhome()[pri:5, instance:com.aadhar.MAadharAppApplicationTestsCode@1fb700ee]" started-at="2022-10-13T22:57:44 IST" name="userhome" finished-at="2022-10-13T22:57:52 IST" duration-ms="8015" status="PASS">
          <reporter-output>
          </reporter-output>
        </test-method> <!-- userhome -->
        <test-method is-config="true" signature="afterMethod()[pri:0, instance:com.aadhar.MAadharAppApplicationTestsCode@1fb700ee]" started-at="2022-10-13T22:57:52 IST" name="afterMethod" finished-at="2022-10-13T22:57:52 IST" duration-ms="1" status="PASS">
          <reporter-output>
          </reporter-output>
        </test-method> <!-- afterMethod -->
        <test-method is-config="true" signature="beforeMethod()[pri:0, instance:com.aadhar.MAadharAppApplicationTestsCode@1fb700ee]" started-at="2022-10-13T22:57:52 IST" name="beforeMethod" finished-at="2022-10-13T22:58:03 IST" duration-ms="10877" status="PASS">
          <reporter-output>
          </reporter-output>
        </test-method> <!-- beforeMethod -->
        <test-method signature="loadusers()[pri:6, instance:com.aadhar.MAadharAppApplicationTestsCode@1fb700ee]" started-at="2022-10-13T22:58:03 IST" name="loadusers" finished-at="2022-10-13T22:58:08 IST" duration-ms="5567" status="PASS">
          <reporter-output>
          </reporter-output>
        </test-method> <!-- loadusers -->
        <test-method is-config="true" signature="afterMethod()[pri:0, instance:com.aadhar.MAadharAppApplicationTestsCode@1fb700ee]" started-at="2022-10-13T22:58:08 IST" name="afterMethod" finished-at="2022-10-13T22:58:08 IST" duration-ms="0" status="PASS">
          <reporter-output>
          </reporter-output>
        </test-method> <!-- afterMethod -->
        <test-method is-config="true" signature="beforeMethod()[pri:0, instance:com.aadhar.MAadharAppApplicationTestsCode@1fb700ee]" started-at="2022-10-13T22:58:08 IST" name="beforeMethod" finished-at="2022-10-13T22:58:23 IST" duration-ms="14506" status="PASS">
          <reporter-output>
          </reporter-output>
        </test-method> <!-- beforeMethod -->
        <test-method signature="approve()[pri:7, instance:com.aadhar.MAadharAppApplicationTestsCode@1fb700ee]" started-at="2022-10-13T22:58:23 IST" name="approve" finished-at="2022-10-13T22:58:26 IST" duration-ms="3714" status="PASS">
          <reporter-output>
          </reporter-output>
        </test-method> <!-- approve -->
        <test-method is-config="true" signature="afterMethod()[pri:0, instance:com.aadhar.MAadharAppApplicationTestsCode@1fb700ee]" started-at="2022-10-13T22:58:26 IST" name="afterMethod" finished-at="2022-10-13T22:58:26 IST" duration-ms="1" status="PASS">
          <reporter-output>
          </reporter-output>
        </test-method> <!-- afterMethod -->
      </class> <!-- com.aadhar.MAadharAppApplicationTestsCode -->
    </test> <!-- Default test -->
  </suite> <!-- Default suite -->
</testng-results>
