<?xml version="1.0" encoding="UTF-8"?>
<!-- Generated by org.testng.reporters.JUnitXMLReporter -->
<testsuite ignored="0" hostname="LAPTOP-FJVUST8L" failures="0" tests="7" name="Default test" time="233.719" errors="0" timestamp="2022-10-13T22:58:29 IST">
  <testcase classname="com.aadhar.MAadharAppApplicationTestsCode" name="testing" time="8.502"/>
  <testcase classname="com.aadhar.MAadharAppApplicationTestsCode" name="signup" time="27.014"/>
  <testcase classname="com.aadhar.MAadharAppApplicationTestsCode" name="signin" time="12.404"/>
  <testcase classname="com.aadhar.MAadharAppApplicationTestsCode" name="adminhome" time="8.231"/>
  <testcase classname="com.aadhar.MAadharAppApplicationTestsCode" name="userhome" time="8.015"/>
  <testcase classname="com.aadhar.MAadharAppApplicationTestsCode" name="loadusers" time="5.567"/>
  <testcase classname="com.aadhar.MAadharAppApplicationTestsCode" name="approve" time="3.714"/>
</testsuite> <!-- Default test -->
